build/app/intermediates/manifest_merge_blame_file/debug/manifest-merger-blame-debug-report.txt
1<?xml version="1.0" encoding="utf-8"?>
2<manifest xmlns:android="http://schemas.android.com/apk/res/android"
3    package="com.example.pixabay_api_bloc"
4    android:versionCode="1"
5    android:versionName="1.0.0" >
6
7    <uses-sdk
8        android:minSdkVersion="21"
9        android:targetSdkVersion="33" />
10    <!--
11         Flutter needs it to communicate with the running application
12         to allow setting breakpoints, to provide hot reload, etc.
13    -->
14    <uses-permission android:name="android.permission.INTERNET" />
14-->src\main\AndroidManifest.xml:4:5-67
14-->src\main\AndroidManifest.xml:4:22-64
15    <uses-permission android:name="android.permission.FOREGROUND_SERVICE" />
15-->src\main\AndroidManifest.xml:5:5-77
15-->src\main\AndroidManifest.xml:5:22-74
16
17    <permission
17-->[androidx.core:core:1.10.1] AndroidManifest.xml:22:5-24:47
18        android:name="com.example.pixabay_api_bloc.DYNAMIC_RECEIVER_NOT_EXPORTED_PERMISSION"
18-->[androidx.core:core:1.10.1] AndroidManifest.xml:23:9-81
19        android:protectionLevel="signature" />
19-->[androidx.core:core:1.10.1] AndroidManifest.xml:24:9-44
20
21    <uses-permission android:name="com.example.pixabay_api_bloc.DYNAMIC_RECEIVER_NOT_EXPORTED_PERMISSION" />
21-->[androidx.core:core:1.10.1] AndroidManifest.xml:26:5-97
21-->[androidx.core:core:1.10.1] AndroidManifest.xml:26:22-94
22
23    <application
23-->src\main\AndroidManifest.xml:7:5-44:19
24        android:appComponentFactory="androidx.core.app.CoreComponentFactory"
24-->[androidx.core:core:1.10.1] AndroidManifest.xml:28:18-86
25        android:debuggable="true"
26        android:icon="@mipmap/ic_launcher"
26-->src\main\AndroidManifest.xml:8:9-43
27        android:label="pixabay_api_bloc"
27-->src\main\AndroidManifest.xml:9:9-41
28        android:usesCleartextTraffic="true" >
28-->src\main\AndroidManifest.xml:10:9-44
29        <activity
29-->src\main\AndroidManifest.xml:11:9-38:20
30            android:name="com.example.pixabay_api_bloc.MainActivity"
30-->src\main\AndroidManifest.xml:12:13-41
31            android:configChanges="orientation|keyboardHidden|keyboard|screenSize|smallestScreenSize|locale|layoutDirection|fontScale|screenLayout|density|uiMode"
31-->src\main\AndroidManifest.xml:13:13-163
32            android:exported="true"
32-->src\main\AndroidManifest.xml:14:13-36
33            android:hardwareAccelerated="true"
33-->src\main\AndroidManifest.xml:15:13-47
34            android:launchMode="singleTop"
34-->src\main\AndroidManifest.xml:16:13-43
35            android:theme="@style/LaunchTheme"
35-->src\main\AndroidManifest.xml:17:13-47
36            android:windowSoftInputMode="adjustResize" >
36-->src\main\AndroidManifest.xml:18:13-55
37
38            <!--
39                 Specifies an Android theme to apply to this Activity as soon as
40                 the Android process has started. This theme is visible to the user
41                 while the Flutter UI initializes. After that, this theme continues
42                 to determine the Window background behind the Flutter UI.
43            -->
44            <meta-data
44-->src\main\AndroidManifest.xml:23:13-25:57
45                android:name="io.flutter.embedding.android.NormalTheme"
45-->src\main\AndroidManifest.xml:24:17-72
46                android:resource="@style/NormalTheme" />
46-->src\main\AndroidManifest.xml:25:17-54
47            <!--
48                 Displays an Android View that continues showing the launch screen
49                 Drawable until Flutter paints its first frame, then this splash
50                 screen fades out. A splash screen is useful to avoid any visual
51                 gap between the end of Android's launch screen and the painting of
52                 Flutter's first frame.
53            -->
54            <meta-data
54-->src\main\AndroidManifest.xml:31:13-33:66
55                android:name="io.flutter.embedding.android.SplashScreenDrawable"
55-->src\main\AndroidManifest.xml:32:17-81
56                android:resource="@drawable/launch_background" />
56-->src\main\AndroidManifest.xml:33:17-63
57
58            <intent-filter>
58-->src\main\AndroidManifest.xml:34:13-37:29
59                <action android:name="android.intent.action.MAIN" />
59-->src\main\AndroidManifest.xml:35:17-69
59-->src\main\AndroidManifest.xml:35:25-66
60
61                <category android:name="android.intent.category.LAUNCHER" />
61-->src\main\AndroidManifest.xml:36:17-77
61-->src\main\AndroidManifest.xml:36:27-74
62            </intent-filter>
63        </activity>
64        <!--
65             Don't delete the meta-data below.
66             This is used by the Flutter tool to generate GeneratedPluginRegistrant.java
67        -->
68        <meta-data
68-->src\main\AndroidManifest.xml:41:9-43:33
69            android:name="flutterEmbedding"
69-->src\main\AndroidManifest.xml:42:13-44
70            android:value="2" />
70-->src\main\AndroidManifest.xml:43:13-30
71        <!--
72           Declares a provider which allows us to store files to share in
73           '.../caches/share_plus' and grant the receiving action access
74        -->
75        <provider
75-->[:share_plus] AndroidManifest.xml:15:9-23:20
76            android:name="dev.fluttercommunity.plus.share.ShareFileProvider"
76-->[:share_plus] AndroidManifest.xml:16:13-77
77            android:authorities="com.example.pixabay_api_bloc.flutter.share_provider"
77-->[:share_plus] AndroidManifest.xml:17:13-74
78            android:exported="false"
78-->[:share_plus] AndroidManifest.xml:18:13-37
79            android:grantUriPermissions="true" >
79-->[:share_plus] AndroidManifest.xml:19:13-47
80            <meta-data
80-->[:share_plus] AndroidManifest.xml:20:13-22:68
81                android:name="android.support.FILE_PROVIDER_PATHS"
81-->[:share_plus] AndroidManifest.xml:21:17-67
82                android:resource="@xml/flutter_share_file_paths" />
82-->[:share_plus] AndroidManifest.xml:22:17-65
83        </provider>
84        <!--
85           This manifest declared broadcast receiver allows us to use an explicit
86           Intent when creating a PendingItent to be informed of the user's choice
87        -->
88        <receiver
88-->[:share_plus] AndroidManifest.xml:28:9-34:20
89            android:name="dev.fluttercommunity.plus.share.SharePlusPendingIntent"
89-->[:share_plus] AndroidManifest.xml:29:13-82
90            android:exported="false" >
90-->[:share_plus] AndroidManifest.xml:30:13-37
91            <intent-filter>
91-->[:share_plus] AndroidManifest.xml:31:13-33:29
92                <action android:name="EXTRA_CHOSEN_COMPONENT" />
92-->[:share_plus] AndroidManifest.xml:32:17-65
92-->[:share_plus] AndroidManifest.xml:32:25-62
93            </intent-filter>
94        </receiver>
95
96        <uses-library
96-->[androidx.window:window:1.0.0-beta04] AndroidManifest.xml:25:9-27:40
97            android:name="androidx.window.extensions"
97-->[androidx.window:window:1.0.0-beta04] AndroidManifest.xml:26:13-54
98            android:required="false" />
98-->[androidx.window:window:1.0.0-beta04] AndroidManifest.xml:27:13-37
99        <uses-library
99-->[androidx.window:window:1.0.0-beta04] AndroidManifest.xml:28:9-30:40
100            android:name="androidx.window.sidecar"
100-->[androidx.window:window:1.0.0-beta04] AndroidManifest.xml:29:13-51
101            android:required="false" />
101-->[androidx.window:window:1.0.0-beta04] AndroidManifest.xml:30:13-37
102    </application>
103
104</manifest>